<?xml version="1.0" encoding="UTF-8"?>
<!-- Generated by org.testng.reporters.JUnitReportReporter -->
<testsuite hostname="DESKTOP-OKLFDOT" failures="0" tests="4" name="com.restfulbooker.tests.CreateBookingTest" time="0.792" errors="0" timestamp="2023-03-11T21:27:00 IST" skipped="0">
  <testcase classname="com.restfulbooker.tests.CreateBookingTest" name="waitToLoad" time="0.256"/>
  <system-out/>
  <testcase classname="com.restfulbooker.tests.CreateBookingTest" name="verDefaultMonth" time="0.442"/>
  <system-out/>
  <testcase classname="com.restfulbooker.tests.CreateBookingTest" name="verDefaultDate" time="0.091"/>
  <system-out/>
  <testcase classname="com.restfulbooker.tests.CreateBookingTest" name="roomBooking" time="0.003"/>
  <system-out/>
</testsuite> <!-- com.restfulbooker.tests.CreateBookingTest -->
